# JRE version: Java(TM) SE Runtime Environment (8.0_202-b08) (build 1.8.0_202-b08)
# Java VM: Java HotSpot(TM) 64-Bit Server VM (25.202-b08 mixed mode windows-amd64 compressed oops)
Heap:
 PSYoungGen      total 75264K, used 23757K [0x000000076c100000, 0x0000000775400000, 0x00000007c0000000)
  eden space 64512K, 20% used [0x000000076c100000,0x000000076cdb5988,0x0000000770000000)
  from space 10752K, 99% used [0x0000000770000000,0x0000000770a7dd40,0x0000000770a80000)
  to   space 10752K, 0% used [0x0000000774980000,0x0000000774980000,0x0000000775400000)
 ParOldGen       total 172032K, used 394K [0x00000006c4200000, 0x00000006cea00000, 0x000000076c100000)
  object space 172032K, 0% used [0x00000006c4200000,0x00000006c4262960,0x00000006cea00000)
 Metaspace       used 18456K, capacity 18896K, committed 19072K, reserved 1067008K
  class space    used 2216K, capacity 2335K, committed 2432K, reserved 1048576K
GC Heap History (6 events):
Event: 0.677 GC heap before
{Heap before GC invocations=1 (full 0):
 PSYoungGen      total 75264K, used 64512K [0x000000076c100000, 0x0000000771500000, 0x00000007c0000000)
  eden space 64512K, 100% used [0x000000076c100000,0x0000000770000000,0x0000000770000000)
  from space 10752K, 0% used [0x0000000770a80000,0x0000000770a80000,0x0000000771500000)
  to   space 10752K, 0% used [0x0000000770000000,0x0000000770000000,0x0000000770a80000)
 ParOldGen       total 172032K, used 0K [0x00000006c4200000, 0x00000006cea00000, 0x000000076c100000)
  object space 172032K, 0% used [0x00000006c4200000,0x00000006c4200000,0x00000006cea00000)
 Metaspace       used 11227K, capacity 11420K, committed 11520K, reserved 1058816K
  class space    used 1387K, capacity 1479K, committed 1536K, reserved 1048576K
Event: 0.684 GC heap after
Heap after GC invocations=1 (full 0):
 PSYoungGen      total 75264K, used 10178K [0x000000076c100000, 0x0000000771500000, 0x00000007c0000000)
  eden space 64512K, 0% used [0x000000076c100000,0x000000076c100000,0x0000000770000000)
  from space 10752K, 94% used [0x0000000770000000,0x00000007709f0b00,0x0000000770a80000)
  to   space 10752K, 0% used [0x0000000770a80000,0x0000000770a80000,0x0000000771500000)
 ParOldGen       total 172032K, used 16K [0x00000006c4200000, 0x00000006cea00000, 0x000000076c100000)
  object space 172032K, 0% used [0x00000006c4200000,0x00000006c4204000,0x00000006cea00000)
 Metaspace       used 11227K, capacity 11420K, committed 11520K, reserved 1058816K
  class space    used 1387K, capacity 1479K, committed 1536K, reserved 1048576K
}
Event: 1.466 GC heap before
{Heap before GC invocations=2 (full 0):
 PSYoungGen      total 75264K, used 74690K [0x000000076c100000, 0x0000000771500000, 0x00000007c0000000)
  eden space 64512K, 100% used [0x000000076c100000,0x0000000770000000,0x0000000770000000)
  from space 10752K, 94% used [0x0000000770000000,0x00000007709f0b00,0x0000000770a80000)
  to   space 10752K, 0% used [0x0000000770a80000,0x0000000770a80000,0x0000000771500000)
 ParOldGen       total 172032K, used 16K [0x00000006c4200000, 0x00000006cea00000, 0x000000076c100000)
  object space 172032K, 0% used [0x00000006c4200000,0x00000006c4204000,0x00000006cea00000)
 Metaspace       used 15838K, capacity 16290K, committed 16384K, reserved 1062912K
  class space    used 1921K, capacity 2022K, committed 2048K, reserved 1048576K
Event: 1.478 GC heap after
Heap after GC invocations=2 (full 0):
 PSYoungGen      total 75264K, used 9963K [0x000000076c100000, 0x0000000775400000, 0x00000007c0000000)
  eden space 64512K, 0% used [0x000000076c100000,0x000000076c100000,0x0000000770000000)
  from space 10752K, 92% used [0x0000000770a80000,0x000000077143afc0,0x0000000771500000)
  to   space 10752K, 0% used [0x0000000770000000,0x0000000770000000,0x0000000770a80000)
 ParOldGen       total 172032K, used 24K [0x00000006c4200000, 0x00000006cea00000, 0x000000076c100000)
  object space 172032K, 0% used [0x00000006c4200000,0x00000006c4206000,0x00000006cea00000)
 Metaspace       used 15838K, capacity 16290K, committed 16384K, reserved 1062912K
  class space    used 1921K, capacity 2022K, committed 2048K, reserved 1048576K
}
Event: 2.147 GC heap before
{Heap before GC invocations=3 (full 0):
 PSYoungGen      total 75264K, used 74475K [0x000000076c100000, 0x0000000775400000, 0x00000007c0000000)
  eden space 64512K, 100% used [0x000000076c100000,0x0000000770000000,0x0000000770000000)
  from space 10752K, 92% used [0x0000000770a80000,0x000000077143afc0,0x0000000771500000)
  to   space 10752K, 0% used [0x0000000770000000,0x0000000770000000,0x0000000770a80000)
 ParOldGen       total 172032K, used 24K [0x00000006c4200000, 0x00000006cea00000, 0x000000076c100000)
  object space 172032K, 0% used [0x00000006c4200000,0x00000006c4206000,0x00000006cea00000)
 Metaspace       used 18042K, capacity 18456K, committed 18688K, reserved 1064960K
  class space    used 2185K, capacity 2295K, committed 2304K, reserved 1048576K
Event: 2.157 GC heap after
Heap after GC invocations=3 (full 0):
 PSYoungGen      total 75264K, used 10743K [0x000000076c100000, 0x0000000775400000, 0x00000007c0000000)
  eden space 64512K, 0% used [0x000000076c100000,0x000000076c100000,0x0000000770000000)
  from space 10752K, 99% used [0x0000000770000000,0x0000000770a7dd40,0x0000000770a80000)
  to   space 10752K, 0% used [0x0000000774980000,0x0000000774980000,0x0000000775400000)
 ParOldGen       total 172032K, used 394K [0x00000006c4200000, 0x00000006cea00000, 0x000000076c100000)
  object space 172032K, 0% used [0x00000006c4200000,0x00000006c4262960,0x00000006cea00000)
 Metaspace       used 18042K, capacity 18456K, committed 18688K, reserved 1064960K
  class space    used 2185K, capacity 2295K, committed 2304K, reserved 1048576K
}

